{"C:\\proyects\\bill-control\\backend\\src\\app.js": {"path":"C:\\proyects\\bill-control\\backend\\src\\app.js","statementMap":{"0":{"start":{"line":9,"column":12},"end":{"line":9,"column":21}},"1":{"start":{"line":11,"column":0},"end":{"line":11,"column":95}},"2":{"start":{"line":12,"column":0},"end":{"line":12,"column":24}},"3":{"start":{"line":14,"column":0},"end":{"line":16,"column":3}},"4":{"start":{"line":15,"column":2},"end":{"line":15,"column":76}},"5":{"start":{"line":18,"column":0},"end":{"line":18,"column":33}},"6":{"start":{"line":19,"column":0},"end":{"line":19,"column":36}},"7":{"start":{"line":20,"column":0},"end":{"line":20,"column":41}},"8":{"start":{"line":21,"column":0},"end":{"line":21,"column":37}},"9":{"start":{"line":23,"column":0},"end":{"line":28,"column":3}},"10":{"start":{"line":24,"column":2},"end":{"line":27,"column":5}},"11":{"start":{"line":30,"column":0},"end":{"line":30,"column":22}}},"fnMap":{"0":{"name":"(anonymous_0)","decl":{"start":{"line":14,"column":23},"end":{"line":14,"column":24}},"loc":{"start":{"line":14,"column":37},"end":{"line":16,"column":1}},"line":14},"1":{"name":"(anonymous_1)","decl":{"start":{"line":23,"column":8},"end":{"line":23,"column":9}},"loc":{"start":{"line":23,"column":22},"end":{"line":28,"column":1}},"line":23}},"branchMap":{"0":{"loc":{"start":{"line":11,"column":22},"end":{"line":11,"column":71}},"type":"binary-expr","locations":[{"start":{"line":11,"column":22},"end":{"line":11,"column":44}},{"start":{"line":11,"column":48},"end":{"line":11,"column":71}}],"line":11}},"s":{"0":4,"1":4,"2":4,"3":4,"4":0,"5":4,"6":4,"7":4,"8":4,"9":4,"10":2,"11":4},"f":{"0":0,"1":2},"b":{"0":[4,4]},"_coverageSchema":"1a1c01bbd47fc00a2c39e90264f33305004495a9","hash":"6fa8383278285d238bfa4976a6221ca72703defc"}
,"C:\\proyects\\bill-control\\backend\\src\\config\\db.js": {"path":"C:\\proyects\\bill-control\\backend\\src\\config\\db.js","statementMap":{"0":{"start":{"line":4,"column":0},"end":{"line":4,"column":16}},"1":{"start":{"line":6,"column":17},"end":{"line":6,"column":19}},"2":{"start":{"line":9,"column":13},"end":{"line":14,"column":2}},"3":{"start":{"line":17,"column":21},"end":{"line":17,"column":63}},"4":{"start":{"line":17,"column":39},"end":{"line":17,"column":63}}},"fnMap":{"0":{"name":"(anonymous_0)","decl":{"start":{"line":17,"column":21},"end":{"line":17,"column":22}},"loc":{"start":{"line":17,"column":39},"end":{"line":17,"column":63}},"line":17}},"branchMap":{},"s":{"0":4,"1":4,"2":4,"3":4,"4":282},"f":{"0":282},"b":{},"_coverageSchema":"1a1c01bbd47fc00a2c39e90264f33305004495a9","hash":"341d0067989fe3d06ad2be6d9543b959e6b59354"}
,"C:\\proyects\\bill-control\\backend\\src\\controllers\\authController.js": {"path":"C:\\proyects\\bill-control\\backend\\src\\controllers\\authController.js","statementMap":{"0":{"start":{"line":3,"column":32},"end":{"line":14,"column":1}},"1":{"start":{"line":4,"column":2},"end":{"line":13,"column":3}},"2":{"start":{"line":5,"column":22},"end":{"line":5,"column":65}},"3":{"start":{"line":6,"column":4},"end":{"line":10,"column":7}},"4":{"start":{"line":12,"column":4},"end":{"line":12,"column":16}},"5":{"start":{"line":16,"column":28},"end":{"line":27,"column":1}},"6":{"start":{"line":17,"column":2},"end":{"line":26,"column":3}},"7":{"start":{"line":18,"column":22},"end":{"line":18,"column":62}},"8":{"start":{"line":19,"column":4},"end":{"line":23,"column":7}},"9":{"start":{"line":25,"column":4},"end":{"line":25,"column":16}}},"fnMap":{"0":{"name":"(anonymous_0)","decl":{"start":{"line":3,"column":32},"end":{"line":3,"column":33}},"loc":{"start":{"line":3,"column":58},"end":{"line":14,"column":1}},"line":3},"1":{"name":"(anonymous_1)","decl":{"start":{"line":16,"column":28},"end":{"line":16,"column":29}},"loc":{"start":{"line":16,"column":54},"end":{"line":27,"column":1}},"line":16}},"branchMap":{},"s":{"0":4,"1":9,"2":9,"3":8,"4":1,"5":4,"6":3,"7":3,"8":1,"9":2},"f":{"0":9,"1":3},"b":{},"_coverageSchema":"1a1c01bbd47fc00a2c39e90264f33305004495a9","hash":"3eef66fe8a971002e27bbdcf4f6b333e4871ed98"}
,"C:\\proyects\\bill-control\\backend\\src\\controllers\\facturaController.js": {"path":"C:\\proyects\\bill-control\\backend\\src\\controllers\\facturaController.js","statementMap":{"0":{"start":{"line":3,"column":29},"end":{"line":16,"column":1}},"1":{"start":{"line":4,"column":2},"end":{"line":15,"column":3}},"2":{"start":{"line":5,"column":22},"end":{"line":5,"column":36}},"3":{"start":{"line":6,"column":44},"end":{"line":6,"column":52}},"4":{"start":{"line":7,"column":22},"end":{"line":7,"column":100}},"5":{"start":{"line":8,"column":4},"end":{"line":12,"column":7}},"6":{"start":{"line":14,"column":6},"end":{"line":14,"column":18}},"7":{"start":{"line":18,"column":37},"end":{"line":34,"column":1}},"8":{"start":{"line":19,"column":2},"end":{"line":33,"column":3}},"9":{"start":{"line":20,"column":22},"end":{"line":20,"column":36}},"10":{"start":{"line":21,"column":23},"end":{"line":21,"column":63}},"11":{"start":{"line":23,"column":22},"end":{"line":24,"column":39}},"12":{"start":{"line":26,"column":4},"end":{"line":30,"column":7}},"13":{"start":{"line":32,"column":6},"end":{"line":32,"column":18}},"14":{"start":{"line":36,"column":30},"end":{"line":48,"column":1}},"15":{"start":{"line":37,"column":2},"end":{"line":47,"column":3}},"16":{"start":{"line":38,"column":22},"end":{"line":38,"column":36}},"17":{"start":{"line":39,"column":15},"end":{"line":39,"column":29}},"18":{"start":{"line":40,"column":22},"end":{"line":40,"column":79}},"19":{"start":{"line":41,"column":4},"end":{"line":44,"column":7}},"20":{"start":{"line":46,"column":6},"end":{"line":46,"column":18}},"21":{"start":{"line":50,"column":29},"end":{"line":64,"column":1}},"22":{"start":{"line":51,"column":2},"end":{"line":63,"column":3}},"23":{"start":{"line":52,"column":22},"end":{"line":52,"column":36}},"24":{"start":{"line":53,"column":15},"end":{"line":53,"column":29}},"25":{"start":{"line":54,"column":25},"end":{"line":54,"column":33}},"26":{"start":{"line":55,"column":22},"end":{"line":55,"column":92}},"27":{"start":{"line":56,"column":4},"end":{"line":60,"column":7}},"28":{"start":{"line":62,"column":6},"end":{"line":62,"column":18}},"29":{"start":{"line":66,"column":29},"end":{"line":79,"column":1}},"30":{"start":{"line":67,"column":2},"end":{"line":78,"column":3}},"31":{"start":{"line":68,"column":22},"end":{"line":68,"column":36}},"32":{"start":{"line":69,"column":15},"end":{"line":69,"column":29}},"33":{"start":{"line":70,"column":22},"end":{"line":70,"column":78}},"34":{"start":{"line":71,"column":4},"end":{"line":75,"column":7}},"35":{"start":{"line":77,"column":6},"end":{"line":77,"column":18}}},"fnMap":{"0":{"name":"(anonymous_0)","decl":{"start":{"line":3,"column":29},"end":{"line":3,"column":30}},"loc":{"start":{"line":3,"column":55},"end":{"line":16,"column":1}},"line":3},"1":{"name":"(anonymous_1)","decl":{"start":{"line":18,"column":37},"end":{"line":18,"column":38}},"loc":{"start":{"line":18,"column":63},"end":{"line":34,"column":1}},"line":18},"2":{"name":"(anonymous_2)","decl":{"start":{"line":36,"column":30},"end":{"line":36,"column":31}},"loc":{"start":{"line":36,"column":56},"end":{"line":48,"column":1}},"line":36},"3":{"name":"(anonymous_3)","decl":{"start":{"line":50,"column":29},"end":{"line":50,"column":30}},"loc":{"start":{"line":50,"column":55},"end":{"line":64,"column":1}},"line":50},"4":{"name":"(anonymous_4)","decl":{"start":{"line":66,"column":29},"end":{"line":66,"column":30}},"loc":{"start":{"line":66,"column":55},"end":{"line":79,"column":1}},"line":66}},"branchMap":{"0":{"loc":{"start":{"line":21,"column":23},"end":{"line":21,"column":63}},"type":"binary-expr","locations":[{"start":{"line":21,"column":23},"end":{"line":21,"column":45}},{"start":{"line":21,"column":49},"end":{"line":21,"column":63}}],"line":21}},"s":{"0":4,"1":19,"2":19,"3":19,"4":19,"5":18,"6":1,"7":4,"8":3,"9":3,"10":3,"11":3,"12":3,"13":0,"14":4,"15":2,"16":2,"17":2,"18":2,"19":1,"20":1,"21":4,"22":2,"23":2,"24":2,"25":2,"26":2,"27":1,"28":1,"29":4,"30":1,"31":1,"32":1,"33":1,"34":1,"35":0},"f":{"0":19,"1":3,"2":2,"3":2,"4":1},"b":{"0":[3,3]},"_coverageSchema":"1a1c01bbd47fc00a2c39e90264f33305004495a9","hash":"421f303775d1add580f05c65871f5d1e66125dd2"}
,"C:\\proyects\\bill-control\\backend\\src\\controllers\\servicioController.js": {"path":"C:\\proyects\\bill-control\\backend\\src\\controllers\\servicioController.js","statementMap":{"0":{"start":{"line":3,"column":30},"end":{"line":15,"column":1}},"1":{"start":{"line":4,"column":2},"end":{"line":14,"column":3}},"2":{"start":{"line":5,"column":22},"end":{"line":5,"column":36}},"3":{"start":{"line":6,"column":22},"end":{"line":6,"column":86}},"4":{"start":{"line":7,"column":4},"end":{"line":11,"column":7}},"5":{"start":{"line":13,"column":6},"end":{"line":13,"column":18}},"6":{"start":{"line":17,"column":34},"end":{"line":28,"column":1}},"7":{"start":{"line":18,"column":2},"end":{"line":27,"column":3}},"8":{"start":{"line":19,"column":22},"end":{"line":19,"column":36}},"9":{"start":{"line":20,"column":22},"end":{"line":20,"column":91}},"10":{"start":{"line":21,"column":4},"end":{"line":24,"column":7}},"11":{"start":{"line":26,"column":6},"end":{"line":26,"column":18}},"12":{"start":{"line":30,"column":31},"end":{"line":42,"column":1}},"13":{"start":{"line":31,"column":2},"end":{"line":41,"column":3}},"14":{"start":{"line":32,"column":22},"end":{"line":32,"column":36}},"15":{"start":{"line":33,"column":23},"end":{"line":33,"column":37}},"16":{"start":{"line":34,"column":22},"end":{"line":34,"column":89}},"17":{"start":{"line":35,"column":4},"end":{"line":38,"column":7}},"18":{"start":{"line":40,"column":6},"end":{"line":40,"column":18}},"19":{"start":{"line":44,"column":30},"end":{"line":58,"column":1}},"20":{"start":{"line":45,"column":2},"end":{"line":57,"column":3}},"21":{"start":{"line":46,"column":22},"end":{"line":46,"column":36}},"22":{"start":{"line":47,"column":23},"end":{"line":47,"column":37}},"23":{"start":{"line":48,"column":18},"end":{"line":48,"column":26}},"24":{"start":{"line":49,"column":22},"end":{"line":49,"column":95}},"25":{"start":{"line":50,"column":4},"end":{"line":54,"column":7}},"26":{"start":{"line":56,"column":6},"end":{"line":56,"column":18}},"27":{"start":{"line":60,"column":30},"end":{"line":73,"column":1}},"28":{"start":{"line":61,"column":2},"end":{"line":72,"column":3}},"29":{"start":{"line":62,"column":23},"end":{"line":62,"column":37}},"30":{"start":{"line":63,"column":22},"end":{"line":63,"column":36}},"31":{"start":{"line":64,"column":22},"end":{"line":64,"column":88}},"32":{"start":{"line":65,"column":4},"end":{"line":69,"column":7}},"33":{"start":{"line":71,"column":6},"end":{"line":71,"column":18}}},"fnMap":{"0":{"name":"(anonymous_0)","decl":{"start":{"line":3,"column":30},"end":{"line":3,"column":31}},"loc":{"start":{"line":3,"column":56},"end":{"line":15,"column":1}},"line":3},"1":{"name":"(anonymous_1)","decl":{"start":{"line":17,"column":34},"end":{"line":17,"column":35}},"loc":{"start":{"line":17,"column":60},"end":{"line":28,"column":1}},"line":17},"2":{"name":"(anonymous_2)","decl":{"start":{"line":30,"column":31},"end":{"line":30,"column":32}},"loc":{"start":{"line":30,"column":57},"end":{"line":42,"column":1}},"line":30},"3":{"name":"(anonymous_3)","decl":{"start":{"line":44,"column":30},"end":{"line":44,"column":31}},"loc":{"start":{"line":44,"column":56},"end":{"line":58,"column":1}},"line":44},"4":{"name":"(anonymous_4)","decl":{"start":{"line":60,"column":30},"end":{"line":60,"column":31}},"loc":{"start":{"line":60,"column":56},"end":{"line":73,"column":1}},"line":60}},"branchMap":{},"s":{"0":4,"1":23,"2":23,"3":23,"4":22,"5":1,"6":4,"7":1,"8":1,"9":1,"10":1,"11":0,"12":4,"13":1,"14":1,"15":1,"16":1,"17":0,"18":1,"19":4,"20":1,"21":1,"22":1,"23":1,"24":1,"25":1,"26":0,"27":4,"28":2,"29":2,"30":2,"31":2,"32":1,"33":1},"f":{"0":23,"1":1,"2":1,"3":1,"4":2},"b":{},"_coverageSchema":"1a1c01bbd47fc00a2c39e90264f33305004495a9","hash":"08e57ac2bd6bb23e6d1f5ebe7236463c9d27e270"}
,"C:\\proyects\\bill-control\\backend\\src\\controllers\\usuarioController.js": {"path":"C:\\proyects\\bill-control\\backend\\src\\controllers\\usuarioController.js","statementMap":{"0":{"start":{"line":3,"column":26},"end":{"line":16,"column":1}},"1":{"start":{"line":4,"column":2},"end":{"line":15,"column":3}},"2":{"start":{"line":5,"column":15},"end":{"line":5,"column":29}},"3":{"start":{"line":6,"column":22},"end":{"line":6,"column":64}},"4":{"start":{"line":8,"column":4},"end":{"line":12,"column":7}},"5":{"start":{"line":14,"column":4},"end":{"line":14,"column":16}},"6":{"start":{"line":18,"column":29},"end":{"line":34,"column":1}},"7":{"start":{"line":19,"column":2},"end":{"line":33,"column":3}},"8":{"start":{"line":20,"column":15},"end":{"line":20,"column":29}},"9":{"start":{"line":21,"column":22},"end":{"line":24,"column":5}},"10":{"start":{"line":26,"column":4},"end":{"line":30,"column":7}},"11":{"start":{"line":32,"column":4},"end":{"line":32,"column":16}},"12":{"start":{"line":36,"column":30},"end":{"line":52,"column":1}},"13":{"start":{"line":37,"column":2},"end":{"line":51,"column":3}},"14":{"start":{"line":38,"column":15},"end":{"line":38,"column":29}},"15":{"start":{"line":39,"column":22},"end":{"line":42,"column":5}},"16":{"start":{"line":44,"column":4},"end":{"line":48,"column":7}},"17":{"start":{"line":50,"column":4},"end":{"line":50,"column":16}},"18":{"start":{"line":54,"column":29},"end":{"line":67,"column":1}},"19":{"start":{"line":55,"column":2},"end":{"line":66,"column":3}},"20":{"start":{"line":56,"column":15},"end":{"line":56,"column":29}},"21":{"start":{"line":57,"column":22},"end":{"line":57,"column":67}},"22":{"start":{"line":59,"column":4},"end":{"line":63,"column":7}},"23":{"start":{"line":65,"column":4},"end":{"line":65,"column":16}}},"fnMap":{"0":{"name":"(anonymous_0)","decl":{"start":{"line":3,"column":26},"end":{"line":3,"column":27}},"loc":{"start":{"line":3,"column":52},"end":{"line":16,"column":1}},"line":3},"1":{"name":"(anonymous_1)","decl":{"start":{"line":18,"column":29},"end":{"line":18,"column":30}},"loc":{"start":{"line":18,"column":55},"end":{"line":34,"column":1}},"line":18},"2":{"name":"(anonymous_2)","decl":{"start":{"line":36,"column":30},"end":{"line":36,"column":31}},"loc":{"start":{"line":36,"column":56},"end":{"line":52,"column":1}},"line":36},"3":{"name":"(anonymous_3)","decl":{"start":{"line":54,"column":29},"end":{"line":54,"column":30}},"loc":{"start":{"line":54,"column":55},"end":{"line":67,"column":1}},"line":54}},"branchMap":{},"s":{"0":4,"1":1,"2":1,"3":1,"4":1,"5":0,"6":4,"7":1,"8":1,"9":1,"10":1,"11":0,"12":4,"13":2,"14":2,"15":2,"16":1,"17":1,"18":4,"19":1,"20":1,"21":1,"22":1,"23":0},"f":{"0":1,"1":1,"2":2,"3":1},"b":{},"_coverageSchema":"1a1c01bbd47fc00a2c39e90264f33305004495a9","hash":"f4e91c148fdeef872274f2beea7fe1bb131de40c"}
,"C:\\proyects\\bill-control\\backend\\src\\middlewares\\authMiddleware.js": {"path":"C:\\proyects\\bill-control\\backend\\src\\middlewares\\authMiddleware.js","statementMap":{"0":{"start":{"line":5,"column":21},"end":{"line":41,"column":1}},"1":{"start":{"line":8,"column":4},"end":{"line":10,"column":5}},"2":{"start":{"line":9,"column":8},"end":{"line":9,"column":56}},"3":{"start":{"line":12,"column":4},"end":{"line":16,"column":5}},"4":{"start":{"line":13,"column":22},"end":{"line":13,"column":77}},"5":{"start":{"line":14,"column":8},"end":{"line":14,"column":31}},"6":{"start":{"line":15,"column":8},"end":{"line":15,"column":27}},"7":{"start":{"line":18,"column":4},"end":{"line":40,"column":5}},"8":{"start":{"line":19,"column":29},"end":{"line":19,"column":70}},"9":{"start":{"line":21,"column":23},"end":{"line":24,"column":9}},"10":{"start":{"line":26,"column":24},"end":{"line":26,"column":38}},"11":{"start":{"line":28,"column":8},"end":{"line":32,"column":9}},"12":{"start":{"line":29,"column":26},"end":{"line":29,"column":77}},"13":{"start":{"line":30,"column":12},"end":{"line":30,"column":35}},"14":{"start":{"line":31,"column":12},"end":{"line":31,"column":31}},"15":{"start":{"line":34,"column":8},"end":{"line":34,"column":30}},"16":{"start":{"line":35,"column":8},"end":{"line":35,"column":14}},"17":{"start":{"line":37,"column":8},"end":{"line":37,"column":68}},"18":{"start":{"line":38,"column":8},"end":{"line":38,"column":31}},"19":{"start":{"line":39,"column":8},"end":{"line":39,"column":20}}},"fnMap":{"0":{"name":"(anonymous_0)","decl":{"start":{"line":5,"column":21},"end":{"line":5,"column":22}},"loc":{"start":{"line":5,"column":47},"end":{"line":41,"column":1}},"line":5}},"branchMap":{"0":{"loc":{"start":{"line":8,"column":4},"end":{"line":10,"column":5}},"type":"if","locations":[{"start":{"line":8,"column":4},"end":{"line":10,"column":5}},{"start":{},"end":{}}],"line":8},"1":{"loc":{"start":{"line":8,"column":7},"end":{"line":8,"column":82}},"type":"binary-expr","locations":[{"start":{"line":8,"column":7},"end":{"line":8,"column":32}},{"start":{"line":8,"column":36},"end":{"line":8,"column":82}}],"line":8},"2":{"loc":{"start":{"line":12,"column":4},"end":{"line":16,"column":5}},"type":"if","locations":[{"start":{"line":12,"column":4},"end":{"line":16,"column":5}},{"start":{},"end":{}}],"line":12},"3":{"loc":{"start":{"line":28,"column":8},"end":{"line":32,"column":9}},"type":"if","locations":[{"start":{"line":28,"column":8},"end":{"line":32,"column":9}},{"start":{},"end":{}}],"line":28}},"s":{"0":4,"1":67,"2":64,"3":67,"4":3,"5":3,"6":3,"7":64,"8":64,"9":64,"10":64,"11":64,"12":1,"13":1,"14":1,"15":63,"16":63,"17":0,"18":0,"19":0},"f":{"0":67},"b":{"0":[64,3],"1":[67,64],"2":[3,64],"3":[1,63]},"_coverageSchema":"1a1c01bbd47fc00a2c39e90264f33305004495a9","hash":"d355956de1e88a3b0c34229a8865eb52254349a5"}
,"C:\\proyects\\bill-control\\backend\\src\\middlewares\\errorHandler.js": {"path":"C:\\proyects\\bill-control\\backend\\src\\middlewares\\errorHandler.js","statementMap":{"0":{"start":{"line":1,"column":28},"end":{"line":41,"column":1}},"1":{"start":{"line":2,"column":2},"end":{"line":4,"column":3}},"2":{"start":{"line":3,"column":4},"end":{"line":3,"column":44}},"3":{"start":{"line":18,"column":2},"end":{"line":33,"column":3}},"4":{"start":{"line":19,"column":19},"end":{"line":19,"column":49}},"5":{"start":{"line":21,"column":20},"end":{"line":26,"column":10}},"6":{"start":{"line":22,"column":24},"end":{"line":22,"column":83}},"7":{"start":{"line":23,"column":20},"end":{"line":23,"column":52}},"8":{"start":{"line":24,"column":6},"end":{"line":24,"column":33}},"9":{"start":{"line":25,"column":6},"end":{"line":25,"column":17}},"10":{"start":{"line":28,"column":4},"end":{"line":32,"column":7}},"11":{"start":{"line":36,"column":21},"end":{"line":36,"column":42}},"12":{"start":{"line":37,"column":2},"end":{"line":40,"column":5}}},"fnMap":{"0":{"name":"(anonymous_0)","decl":{"start":{"line":1,"column":28},"end":{"line":1,"column":29}},"loc":{"start":{"line":1,"column":53},"end":{"line":41,"column":1}},"line":1},"1":{"name":"(anonymous_1)","decl":{"start":{"line":21,"column":34},"end":{"line":21,"column":35}},"loc":{"start":{"line":21,"column":50},"end":{"line":26,"column":5}},"line":21}},"branchMap":{"0":{"loc":{"start":{"line":2,"column":2},"end":{"line":4,"column":3}},"type":"if","locations":[{"start":{"line":2,"column":2},"end":{"line":4,"column":3}},{"start":{},"end":{}}],"line":2},"1":{"loc":{"start":{"line":18,"column":2},"end":{"line":33,"column":3}},"type":"if","locations":[{"start":{"line":18,"column":2},"end":{"line":33,"column":3}},{"start":{},"end":{}}],"line":18},"2":{"loc":{"start":{"line":18,"column":6},"end":{"line":18,"column":43}},"type":"binary-expr","locations":[{"start":{"line":18,"column":6},"end":{"line":18,"column":29}},{"start":{"line":18,"column":33},"end":{"line":18,"column":43}}],"line":18},"3":{"loc":{"start":{"line":19,"column":19},"end":{"line":19,"column":49}},"type":"binary-expr","locations":[{"start":{"line":19,"column":19},"end":{"line":19,"column":29}},{"start":{"line":19,"column":33},"end":{"line":19,"column":43}},{"start":{"line":19,"column":47},"end":{"line":19,"column":49}}],"line":19},"4":{"loc":{"start":{"line":22,"column":24},"end":{"line":22,"column":83}},"type":"cond-expr","locations":[{"start":{"line":22,"column":51},"end":{"line":22,"column":70}},{"start":{"line":22,"column":73},"end":{"line":22,"column":83}}],"line":22},"5":{"loc":{"start":{"line":23,"column":20},"end":{"line":23,"column":52}},"type":"binary-expr","locations":[{"start":{"line":23,"column":20},"end":{"line":23,"column":39}},{"start":{"line":23,"column":43},"end":{"line":23,"column":52}}],"line":23},"6":{"loc":{"start":{"line":36,"column":21},"end":{"line":36,"column":42}},"type":"binary-expr","locations":[{"start":{"line":36,"column":21},"end":{"line":36,"column":35}},{"start":{"line":36,"column":39},"end":{"line":36,"column":42}}],"line":36},"7":{"loc":{"start":{"line":39,"column":11},"end":{"line":39,"column":54}},"type":"binary-expr","locations":[{"start":{"line":39,"column":11},"end":{"line":39,"column":22}},{"start":{"line":39,"column":26},"end":{"line":39,"column":54}}],"line":39}},"s":{"0":4,"1":18,"2":0,"3":18,"4":4,"5":4,"6":5,"7":5,"8":5,"9":5,"10":4,"11":14,"12":14},"f":{"0":18,"1":5},"b":{"0":[0,18],"1":[4,14],"2":[18,14],"3":[4,0,0],"4":[5,0],"5":[5,0],"6":[14,0],"7":[14,0]},"_coverageSchema":"1a1c01bbd47fc00a2c39e90264f33305004495a9","hash":"0b659aee430315625bcd1c6198f6af8a67c7b4d9"}
,"C:\\proyects\\bill-control\\backend\\src\\middlewares\\validateRequest.js": {"path":"C:\\proyects\\bill-control\\backend\\src\\middlewares\\validateRequest.js","statementMap":{"0":{"start":{"line":1,"column":31},"end":{"line":21,"column":1}},"1":{"start":{"line":1,"column":43},"end":{"line":21,"column":1}},"2":{"start":{"line":2,"column":2},"end":{"line":20,"column":3}},"3":{"start":{"line":3,"column":19},"end":{"line":7,"column":6}},"4":{"start":{"line":9,"column":4},"end":{"line":9,"column":27}},"5":{"start":{"line":10,"column":4},"end":{"line":10,"column":31}},"6":{"start":{"line":12,"column":4},"end":{"line":15,"column":5}},"7":{"start":{"line":13,"column":6},"end":{"line":13,"column":69}},"8":{"start":{"line":13,"column":46},"end":{"line":13,"column":67}},"9":{"start":{"line":14,"column":6},"end":{"line":14,"column":45}},"10":{"start":{"line":17,"column":4},"end":{"line":17,"column":11}},"11":{"start":{"line":19,"column":6},"end":{"line":19,"column":18}}},"fnMap":{"0":{"name":"(anonymous_0)","decl":{"start":{"line":1,"column":31},"end":{"line":1,"column":32}},"loc":{"start":{"line":1,"column":43},"end":{"line":21,"column":1}},"line":1},"1":{"name":"(anonymous_1)","decl":{"start":{"line":1,"column":43},"end":{"line":1,"column":44}},"loc":{"start":{"line":1,"column":69},"end":{"line":21,"column":1}},"line":1},"2":{"name":"(anonymous_2)","decl":{"start":{"line":13,"column":37},"end":{"line":13,"column":38}},"loc":{"start":{"line":13,"column":46},"end":{"line":13,"column":67}},"line":13}},"branchMap":{"0":{"loc":{"start":{"line":12,"column":4},"end":{"line":15,"column":5}},"type":"if","locations":[{"start":{"line":12,"column":4},"end":{"line":15,"column":5}},{"start":{},"end":{}}],"line":12}},"s":{"0":4,"1":32,"2":65,"3":65,"4":61,"5":61,"6":61,"7":3,"8":5,"9":3,"10":61,"11":4},"f":{"0":32,"1":65,"2":5},"b":{"0":[3,58]},"_coverageSchema":"1a1c01bbd47fc00a2c39e90264f33305004495a9","hash":"837516d79e3b60c8759e075878365c6426dbd23f"}
,"C:\\proyects\\bill-control\\backend\\src\\models\\authModel.js": {"path":"C:\\proyects\\bill-control\\backend\\src\\models\\authModel.js","statementMap":{"0":{"start":{"line":4,"column":31},"end":{"line":10,"column":1}},"1":{"start":{"line":5,"column":17},"end":{"line":8,"column":3}},"2":{"start":{"line":9,"column":2},"end":{"line":9,"column":24}},"3":{"start":{"line":13,"column":26},"end":{"line":21,"column":1}},"4":{"start":{"line":14,"column":17},"end":{"line":19,"column":3}},"5":{"start":{"line":20,"column":2},"end":{"line":20,"column":24}}},"fnMap":{"0":{"name":"(anonymous_0)","decl":{"start":{"line":4,"column":31},"end":{"line":4,"column":32}},"loc":{"start":{"line":4,"column":48},"end":{"line":10,"column":1}},"line":4},"1":{"name":"(anonymous_1)","decl":{"start":{"line":13,"column":26},"end":{"line":13,"column":27}},"loc":{"start":{"line":13,"column":65},"end":{"line":21,"column":1}},"line":13}},"branchMap":{},"s":{"0":4,"1":12,"2":12,"3":4,"4":8,"5":8},"f":{"0":12,"1":8},"b":{},"_coverageSchema":"1a1c01bbd47fc00a2c39e90264f33305004495a9","hash":"dd69b0aef38375348802931a0292e1f29f9c8ffc"}
,"C:\\proyects\\bill-control\\backend\\src\\models\\facturaModel.js": {"path":"C:\\proyects\\bill-control\\backend\\src\\models\\facturaModel.js","statementMap":{"0":{"start":{"line":3,"column":29},"end":{"line":13,"column":1}},"1":{"start":{"line":4,"column":46},"end":{"line":4,"column":58}},"2":{"start":{"line":6,"column":17},"end":{"line":11,"column":3}},"3":{"start":{"line":12,"column":2},"end":{"line":12,"column":24}},"4":{"start":{"line":15,"column":37},"end":{"line":62,"column":1}},"5":{"start":{"line":16,"column":67},"end":{"line":16,"column":75}},"6":{"start":{"line":18,"column":17},"end":{"line":18,"column":35}},"7":{"start":{"line":19,"column":17},"end":{"line":19,"column":43}},"8":{"start":{"line":20,"column":21},"end":{"line":20,"column":41}},"9":{"start":{"line":22,"column":2},"end":{"line":25,"column":3}},"10":{"start":{"line":23,"column":4},"end":{"line":23,"column":24}},"11":{"start":{"line":24,"column":4},"end":{"line":24,"column":50}},"12":{"start":{"line":27,"column":2},"end":{"line":30,"column":3}},"13":{"start":{"line":28,"column":4},"end":{"line":28,"column":28}},"14":{"start":{"line":29,"column":4},"end":{"line":29,"column":62}},"15":{"start":{"line":32,"column":2},"end":{"line":35,"column":3}},"16":{"start":{"line":33,"column":4},"end":{"line":33,"column":28}},"17":{"start":{"line":34,"column":4},"end":{"line":34,"column":62}},"18":{"start":{"line":37,"column":22},"end":{"line":37,"column":46}},"19":{"start":{"line":39,"column":20},"end":{"line":45,"column":3}},"20":{"start":{"line":47,"column":21},"end":{"line":51,"column":3}},"21":{"start":{"line":53,"column":25},"end":{"line":53,"column":75}},"22":{"start":{"line":54,"column":22},"end":{"line":54,"column":53}},"23":{"start":{"line":56,"column":16},"end":{"line":56,"column":41}},"24":{"start":{"line":58,"column":2},"end":{"line":61,"column":4}},"25":{"start":{"line":64,"column":30},"end":{"line":69,"column":1}},"26":{"start":{"line":65,"column":17},"end":{"line":67,"column":54}},"27":{"start":{"line":68,"column":2},"end":{"line":68,"column":24}},"28":{"start":{"line":71,"column":29},"end":{"line":81,"column":1}},"29":{"start":{"line":72,"column":46},"end":{"line":72,"column":58}},"30":{"start":{"line":74,"column":17},"end":{"line":79,"column":3}},"31":{"start":{"line":80,"column":2},"end":{"line":80,"column":24}},"32":{"start":{"line":83,"column":29},"end":{"line":86,"column":1}},"33":{"start":{"line":84,"column":17},"end":{"line":84,"column":87}},"34":{"start":{"line":85,"column":2},"end":{"line":85,"column":25}}},"fnMap":{"0":{"name":"(anonymous_0)","decl":{"start":{"line":3,"column":29},"end":{"line":3,"column":30}},"loc":{"start":{"line":3,"column":65},"end":{"line":13,"column":1}},"line":3},"1":{"name":"(anonymous_1)","decl":{"start":{"line":15,"column":37},"end":{"line":15,"column":38}},"loc":{"start":{"line":15,"column":74},"end":{"line":62,"column":1}},"line":15},"2":{"name":"(anonymous_2)","decl":{"start":{"line":64,"column":30},"end":{"line":64,"column":31}},"loc":{"start":{"line":64,"column":44},"end":{"line":69,"column":1}},"line":64},"3":{"name":"(anonymous_3)","decl":{"start":{"line":71,"column":29},"end":{"line":71,"column":30}},"loc":{"start":{"line":71,"column":57},"end":{"line":81,"column":1}},"line":71},"4":{"name":"(anonymous_4)","decl":{"start":{"line":83,"column":29},"end":{"line":83,"column":30}},"loc":{"start":{"line":83,"column":43},"end":{"line":86,"column":1}},"line":83}},"branchMap":{"0":{"loc":{"start":{"line":10,"column":56},"end":{"line":10,"column":71}},"type":"binary-expr","locations":[{"start":{"line":10,"column":56},"end":{"line":10,"column":62}},{"start":{"line":10,"column":66},"end":{"line":10,"column":71}}],"line":10},"1":{"loc":{"start":{"line":15,"column":56},"end":{"line":15,"column":69}},"type":"default-arg","locations":[{"start":{"line":15,"column":67},"end":{"line":15,"column":69}}],"line":15},"2":{"loc":{"start":{"line":16,"column":42},"end":{"line":16,"column":50}},"type":"default-arg","locations":[{"start":{"line":16,"column":49},"end":{"line":16,"column":50}}],"line":16},"3":{"loc":{"start":{"line":16,"column":52},"end":{"line":16,"column":62}},"type":"default-arg","locations":[{"start":{"line":16,"column":60},"end":{"line":16,"column":62}}],"line":16},"4":{"loc":{"start":{"line":22,"column":2},"end":{"line":25,"column":3}},"type":"if","locations":[{"start":{"line":22,"column":2},"end":{"line":25,"column":3}},{"start":{},"end":{}}],"line":22},"5":{"loc":{"start":{"line":27,"column":2},"end":{"line":30,"column":3}},"type":"if","locations":[{"start":{"line":27,"column":2},"end":{"line":30,"column":3}},{"start":{},"end":{}}],"line":27},"6":{"loc":{"start":{"line":32,"column":2},"end":{"line":35,"column":3}},"type":"if","locations":[{"start":{"line":32,"column":2},"end":{"line":35,"column":3}},{"start":{},"end":{}}],"line":32},"7":{"loc":{"start":{"line":78,"column":30},"end":{"line":78,"column":45}},"type":"binary-expr","locations":[{"start":{"line":78,"column":30},"end":{"line":78,"column":36}},{"start":{"line":78,"column":40},"end":{"line":78,"column":45}}],"line":78}},"s":{"0":4,"1":18,"2":18,"3":18,"4":4,"5":3,"6":3,"7":3,"8":3,"9":3,"10":1,"11":1,"12":3,"13":1,"14":1,"15":3,"16":1,"17":1,"18":3,"19":3,"20":3,"21":3,"22":3,"23":3,"24":3,"25":4,"26":5,"27":5,"28":4,"29":1,"30":1,"31":1,"32":4,"33":1,"34":1},"f":{"0":18,"1":3,"2":5,"3":1,"4":1},"b":{"0":[18,0],"1":[0],"2":[0],"3":[0],"4":[1,2],"5":[1,2],"6":[1,2],"7":[1,0]},"_coverageSchema":"1a1c01bbd47fc00a2c39e90264f33305004495a9","hash":"7922a47020301ccdef60149ece7d5d2c9225bfd9"}
,"C:\\proyects\\bill-control\\backend\\src\\models\\servicioModel.js": {"path":"C:\\proyects\\bill-control\\backend\\src\\models\\servicioModel.js","statementMap":{"0":{"start":{"line":3,"column":30},"end":{"line":14,"column":1}},"1":{"start":{"line":4,"column":41},"end":{"line":4,"column":54}},"2":{"start":{"line":6,"column":17},"end":{"line":11,"column":3}},"3":{"start":{"line":13,"column":2},"end":{"line":13,"column":24}},"4":{"start":{"line":16,"column":34},"end":{"line":44,"column":1}},"5":{"start":{"line":17,"column":35},"end":{"line":17,"column":43}},"6":{"start":{"line":19,"column":17},"end":{"line":19,"column":35}},"7":{"start":{"line":21,"column":20},"end":{"line":27,"column":3}},"8":{"start":{"line":29,"column":21},"end":{"line":33,"column":3}},"9":{"start":{"line":35,"column":26},"end":{"line":35,"column":76}},"10":{"start":{"line":36,"column":22},"end":{"line":36,"column":58}},"11":{"start":{"line":38,"column":16},"end":{"line":38,"column":41}},"12":{"start":{"line":40,"column":2},"end":{"line":43,"column":4}},"13":{"start":{"line":46,"column":31},"end":{"line":54,"column":1}},"14":{"start":{"line":47,"column":17},"end":{"line":52,"column":3}},"15":{"start":{"line":53,"column":2},"end":{"line":53,"column":24}},"16":{"start":{"line":56,"column":35},"end":{"line":64,"column":1}},"17":{"start":{"line":57,"column":17},"end":{"line":62,"column":3}},"18":{"start":{"line":63,"column":2},"end":{"line":63,"column":24}},"19":{"start":{"line":66,"column":30},"end":{"line":76,"column":1}},"20":{"start":{"line":67,"column":41},"end":{"line":67,"column":54}},"21":{"start":{"line":69,"column":17},"end":{"line":74,"column":3}},"22":{"start":{"line":75,"column":2},"end":{"line":75,"column":24}},"23":{"start":{"line":78,"column":30},"end":{"line":84,"column":1}},"24":{"start":{"line":79,"column":17},"end":{"line":82,"column":3}},"25":{"start":{"line":83,"column":2},"end":{"line":83,"column":25}}},"fnMap":{"0":{"name":"(anonymous_0)","decl":{"start":{"line":3,"column":30},"end":{"line":3,"column":31}},"loc":{"start":{"line":3,"column":66},"end":{"line":14,"column":1}},"line":3},"1":{"name":"(anonymous_1)","decl":{"start":{"line":16,"column":34},"end":{"line":16,"column":35}},"loc":{"start":{"line":16,"column":70},"end":{"line":44,"column":1}},"line":16},"2":{"name":"(anonymous_2)","decl":{"start":{"line":46,"column":31},"end":{"line":46,"column":32}},"loc":{"start":{"line":46,"column":56},"end":{"line":54,"column":1}},"line":46},"3":{"name":"(anonymous_3)","decl":{"start":{"line":56,"column":35},"end":{"line":56,"column":36}},"loc":{"start":{"line":56,"column":64},"end":{"line":64,"column":1}},"line":56},"4":{"name":"(anonymous_4)","decl":{"start":{"line":66,"column":30},"end":{"line":66,"column":31}},"loc":{"start":{"line":66,"column":70},"end":{"line":76,"column":1}},"line":66},"5":{"name":"(anonymous_5)","decl":{"start":{"line":78,"column":30},"end":{"line":78,"column":31}},"loc":{"start":{"line":78,"column":55},"end":{"line":84,"column":1}},"line":78}},"branchMap":{"0":{"loc":{"start":{"line":10,"column":24},"end":{"line":10,"column":42}},"type":"binary-expr","locations":[{"start":{"line":10,"column":24},"end":{"line":10,"column":34}},{"start":{"line":10,"column":38},"end":{"line":10,"column":42}}],"line":10},"1":{"loc":{"start":{"line":10,"column":44},"end":{"line":10,"column":58}},"type":"binary-expr","locations":[{"start":{"line":10,"column":44},"end":{"line":10,"column":50}},{"start":{"line":10,"column":54},"end":{"line":10,"column":58}}],"line":10},"2":{"loc":{"start":{"line":16,"column":52},"end":{"line":16,"column":65}},"type":"default-arg","locations":[{"start":{"line":16,"column":63},"end":{"line":16,"column":65}}],"line":16},"3":{"loc":{"start":{"line":17,"column":10},"end":{"line":17,"column":18}},"type":"default-arg","locations":[{"start":{"line":17,"column":17},"end":{"line":17,"column":18}}],"line":17},"4":{"loc":{"start":{"line":17,"column":20},"end":{"line":17,"column":30}},"type":"default-arg","locations":[{"start":{"line":17,"column":28},"end":{"line":17,"column":30}}],"line":17},"5":{"loc":{"start":{"line":73,"column":13},"end":{"line":73,"column":31}},"type":"binary-expr","locations":[{"start":{"line":73,"column":13},"end":{"line":73,"column":23}},{"start":{"line":73,"column":27},"end":{"line":73,"column":31}}],"line":73},"6":{"loc":{"start":{"line":73,"column":33},"end":{"line":73,"column":47}},"type":"binary-expr","locations":[{"start":{"line":73,"column":33},"end":{"line":73,"column":39}},{"start":{"line":73,"column":43},"end":{"line":73,"column":47}}],"line":73}},"s":{"0":4,"1":22,"2":22,"3":22,"4":4,"5":1,"6":1,"7":1,"8":1,"9":1,"10":1,"11":1,"12":1,"13":4,"14":29,"15":29,"16":4,"17":24,"18":24,"19":4,"20":1,"21":1,"22":1,"23":4,"24":1,"25":1},"f":{"0":22,"1":1,"2":29,"3":24,"4":1,"5":1},"b":{"0":[22,17],"1":[22,0],"2":[0],"3":[0],"4":[0],"5":[1,1],"6":[1,0]},"_coverageSchema":"1a1c01bbd47fc00a2c39e90264f33305004495a9","hash":"a908369c91ea95c5577b1a76e91d27a7f1b83c36"}
,"C:\\proyects\\bill-control\\backend\\src\\models\\usuarioModel.js": {"path":"C:\\proyects\\bill-control\\backend\\src\\models\\usuarioModel.js","statementMap":{"0":{"start":{"line":3,"column":28},"end":{"line":8,"column":1}},"1":{"start":{"line":4,"column":17},"end":{"line":6,"column":3}},"2":{"start":{"line":7,"column":2},"end":{"line":7,"column":24}},"3":{"start":{"line":10,"column":40},"end":{"line":15,"column":1}},"4":{"start":{"line":11,"column":17},"end":{"line":13,"column":3}},"5":{"start":{"line":14,"column":2},"end":{"line":14,"column":24}},"6":{"start":{"line":17,"column":26},"end":{"line":26,"column":1}},"7":{"start":{"line":18,"column":17},"end":{"line":24,"column":3}},"8":{"start":{"line":25,"column":2},"end":{"line":25,"column":24}},"9":{"start":{"line":28,"column":30},"end":{"line":33,"column":1}},"10":{"start":{"line":29,"column":17},"end":{"line":31,"column":3}},"11":{"start":{"line":32,"column":2},"end":{"line":32,"column":24}},"12":{"start":{"line":35,"column":26},"end":{"line":40,"column":1}},"13":{"start":{"line":36,"column":17},"end":{"line":38,"column":3}},"14":{"start":{"line":39,"column":2},"end":{"line":39,"column":25}}},"fnMap":{"0":{"name":"(anonymous_0)","decl":{"start":{"line":3,"column":28},"end":{"line":3,"column":29}},"loc":{"start":{"line":3,"column":42},"end":{"line":8,"column":1}},"line":3},"1":{"name":"(anonymous_1)","decl":{"start":{"line":10,"column":40},"end":{"line":10,"column":41}},"loc":{"start":{"line":10,"column":54},"end":{"line":15,"column":1}},"line":10},"2":{"name":"(anonymous_2)","decl":{"start":{"line":17,"column":26},"end":{"line":17,"column":27}},"loc":{"start":{"line":17,"column":52},"end":{"line":26,"column":1}},"line":17},"3":{"name":"(anonymous_3)","decl":{"start":{"line":28,"column":30},"end":{"line":28,"column":31}},"loc":{"start":{"line":28,"column":58},"end":{"line":33,"column":1}},"line":28},"4":{"name":"(anonymous_4)","decl":{"start":{"line":35,"column":26},"end":{"line":35,"column":27}},"loc":{"start":{"line":35,"column":40},"end":{"line":40,"column":1}},"line":35}},"branchMap":{},"s":{"0":4,"1":3,"2":3,"3":4,"4":2,"5":2,"6":4,"7":1,"8":1,"9":4,"10":1,"11":1,"12":4,"13":1,"14":1},"f":{"0":3,"1":2,"2":1,"3":1,"4":1},"b":{},"_coverageSchema":"1a1c01bbd47fc00a2c39e90264f33305004495a9","hash":"1e2cf64faed65dc075ad623d1816b78678e04afd"}
,"C:\\proyects\\bill-control\\backend\\src\\routes\\authRoutes.js": {"path":"C:\\proyects\\bill-control\\backend\\src\\routes\\authRoutes.js","statementMap":{"0":{"start":{"line":6,"column":15},"end":{"line":6,"column":23}},"1":{"start":{"line":8,"column":0},"end":{"line":8,"column":76}},"2":{"start":{"line":9,"column":0},"end":{"line":9,"column":66}}},"fnMap":{},"branchMap":{},"s":{"0":4,"1":4,"2":4},"f":{},"b":{},"_coverageSchema":"1a1c01bbd47fc00a2c39e90264f33305004495a9","hash":"cd471e29b1a8649c50a642ac2597db6d2243eb70"}
,"C:\\proyects\\bill-control\\backend\\src\\routes\\facturaRoutes.js": {"path":"C:\\proyects\\bill-control\\backend\\src\\routes\\facturaRoutes.js","statementMap":{"0":{"start":{"line":7,"column":15},"end":{"line":7,"column":23}},"1":{"start":{"line":9,"column":0},"end":{"line":9,"column":25}},"2":{"start":{"line":11,"column":0},"end":{"line":11,"column":69}},"3":{"start":{"line":12,"column":0},"end":{"line":12,"column":35}},"4":{"start":{"line":13,"column":0},"end":{"line":13,"column":34}},"5":{"start":{"line":14,"column":0},"end":{"line":14,"column":37}}},"fnMap":{},"branchMap":{},"s":{"0":4,"1":4,"2":4,"3":4,"4":4,"5":4},"f":{},"b":{},"_coverageSchema":"1a1c01bbd47fc00a2c39e90264f33305004495a9","hash":"f639d03890d61dadd6c98dc8f2004376531084f0"}
,"C:\\proyects\\bill-control\\backend\\src\\routes\\servicioRoutes.js": {"path":"C:\\proyects\\bill-control\\backend\\src\\routes\\servicioRoutes.js","statementMap":{"0":{"start":{"line":9,"column":15},"end":{"line":9,"column":23}},"1":{"start":{"line":11,"column":0},"end":{"line":11,"column":25}},"2":{"start":{"line":13,"column":0},"end":{"line":13,"column":71}},"3":{"start":{"line":14,"column":0},"end":{"line":14,"column":36}},"4":{"start":{"line":15,"column":0},"end":{"line":15,"column":36}},"5":{"start":{"line":16,"column":0},"end":{"line":16,"column":78}},"6":{"start":{"line":17,"column":0},"end":{"line":17,"column":38}},"7":{"start":{"line":18,"column":0},"end":{"line":18,"column":86}}},"fnMap":{},"branchMap":{},"s":{"0":4,"1":4,"2":4,"3":4,"4":4,"5":4,"6":4,"7":4},"f":{},"b":{},"_coverageSchema":"1a1c01bbd47fc00a2c39e90264f33305004495a9","hash":"ccbf5d054da8aecda22a589846d28debca1bf2c3"}
,"C:\\proyects\\bill-control\\backend\\src\\routes\\usuarioRoutes.js": {"path":"C:\\proyects\\bill-control\\backend\\src\\routes\\usuarioRoutes.js","statementMap":{"0":{"start":{"line":7,"column":15},"end":{"line":7,"column":23}},"1":{"start":{"line":9,"column":0},"end":{"line":9,"column":25}},"2":{"start":{"line":11,"column":0},"end":{"line":11,"column":28}},"3":{"start":{"line":12,"column":0},"end":{"line":12,"column":66}},"4":{"start":{"line":13,"column":0},"end":{"line":13,"column":79}},"5":{"start":{"line":14,"column":0},"end":{"line":14,"column":34}}},"fnMap":{},"branchMap":{},"s":{"0":4,"1":4,"2":4,"3":4,"4":4,"5":4},"f":{},"b":{},"_coverageSchema":"1a1c01bbd47fc00a2c39e90264f33305004495a9","hash":"baf0bf2d1d5ecec454adacc999cc9f0bef2a87dc"}
,"C:\\proyects\\bill-control\\backend\\src\\schemas\\authSchema.js": {"path":"C:\\proyects\\bill-control\\backend\\src\\schemas\\authSchema.js","statementMap":{"0":{"start":{"line":3,"column":30},"end":{"line":9,"column":2}},"1":{"start":{"line":11,"column":27},"end":{"line":16,"column":2}}},"fnMap":{},"branchMap":{},"s":{"0":4,"1":4},"f":{},"b":{},"_coverageSchema":"1a1c01bbd47fc00a2c39e90264f33305004495a9","hash":"fbb2b3eb443b80d387c9101c6a65340b736c84c7"}
,"C:\\proyects\\bill-control\\backend\\src\\schemas\\facturaSchema.js": {"path":"C:\\proyects\\bill-control\\backend\\src\\schemas\\facturaSchema.js","statementMap":{"0":{"start":{"line":3,"column":34},"end":{"line":12,"column":2}},"1":{"start":{"line":14,"column":35},"end":{"line":27,"column":2}},"2":{"start":{"line":16,"column":46},"end":{"line":16,"column":63}},"3":{"start":{"line":21,"column":52},"end":{"line":21,"column":79}},"4":{"start":{"line":22,"column":53},"end":{"line":22,"column":81}}},"fnMap":{"0":{"name":"(anonymous_0)","decl":{"start":{"line":16,"column":37},"end":{"line":16,"column":38}},"loc":{"start":{"line":16,"column":46},"end":{"line":16,"column":63}},"line":16},"1":{"name":"(anonymous_1)","decl":{"start":{"line":21,"column":42},"end":{"line":21,"column":43}},"loc":{"start":{"line":21,"column":52},"end":{"line":21,"column":79}},"line":21},"2":{"name":"(anonymous_2)","decl":{"start":{"line":22,"column":43},"end":{"line":22,"column":44}},"loc":{"start":{"line":22,"column":53},"end":{"line":22,"column":81}},"line":22}},"branchMap":{"0":{"loc":{"start":{"line":21,"column":52},"end":{"line":21,"column":79}},"type":"cond-expr","locations":[{"start":{"line":21,"column":58},"end":{"line":21,"column":75}},{"start":{"line":21,"column":78},"end":{"line":21,"column":79}}],"line":21},"1":{"loc":{"start":{"line":22,"column":53},"end":{"line":22,"column":81}},"type":"cond-expr","locations":[{"start":{"line":22,"column":59},"end":{"line":22,"column":76}},{"start":{"line":22,"column":79},"end":{"line":22,"column":81}}],"line":22}},"s":{"0":4,"1":4,"2":0,"3":3,"4":3},"f":{"0":0,"1":3,"2":3},"b":{"0":[1,2],"1":[1,2]},"_coverageSchema":"1a1c01bbd47fc00a2c39e90264f33305004495a9","hash":"a77193138745587ae81bf47e8c79d6f06a5c18b5"}
,"C:\\proyects\\bill-control\\backend\\src\\schemas\\servicioSchema.js": {"path":"C:\\proyects\\bill-control\\backend\\src\\schemas\\servicioSchema.js","statementMap":{"0":{"start":{"line":3,"column":35},"end":{"line":9,"column":2}},"1":{"start":{"line":11,"column":40},"end":{"line":20,"column":2}},"2":{"start":{"line":13,"column":38},"end":{"line":13,"column":55}}},"fnMap":{"0":{"name":"(anonymous_0)","decl":{"start":{"line":13,"column":29},"end":{"line":13,"column":30}},"loc":{"start":{"line":13,"column":38},"end":{"line":13,"column":55}},"line":13}},"branchMap":{},"s":{"0":4,"1":4,"2":2},"f":{"0":2},"b":{},"_coverageSchema":"1a1c01bbd47fc00a2c39e90264f33305004495a9","hash":"2a880d828670feac9ada7758d421f324b6aa2c11"}
,"C:\\proyects\\bill-control\\backend\\src\\schemas\\usuarioSchema.js": {"path":"C:\\proyects\\bill-control\\backend\\src\\schemas\\usuarioSchema.js","statementMap":{"0":{"start":{"line":3,"column":32},"end":{"line":7,"column":2}},"1":{"start":{"line":9,"column":36},"end":{"line":16,"column":2}}},"fnMap":{},"branchMap":{},"s":{"0":4,"1":4},"f":{},"b":{},"_coverageSchema":"1a1c01bbd47fc00a2c39e90264f33305004495a9","hash":"fe0ebb3d947814a5cc76c42b835abbc5d05b152e"}
,"C:\\proyects\\bill-control\\backend\\src\\services\\authService.js": {"path":"C:\\proyects\\bill-control\\backend\\src\\services\\authService.js","statementMap":{"0":{"start":{"line":5,"column":21},"end":{"line":9,"column":1}},"1":{"start":{"line":6,"column":2},"end":{"line":8,"column":5}},"2":{"start":{"line":11,"column":31},"end":{"line":34,"column":1}},"3":{"start":{"line":12,"column":27},"end":{"line":12,"column":65}},"4":{"start":{"line":13,"column":2},"end":{"line":17,"column":3}},"5":{"start":{"line":14,"column":18},"end":{"line":14,"column":72}},"6":{"start":{"line":15,"column":4},"end":{"line":15,"column":27}},"7":{"start":{"line":16,"column":4},"end":{"line":16,"column":16}},"8":{"start":{"line":19,"column":15},"end":{"line":19,"column":39}},"9":{"start":{"line":20,"column":23},"end":{"line":20,"column":56}},"10":{"start":{"line":22,"column":23},"end":{"line":26,"column":4}},"11":{"start":{"line":28,"column":16},"end":{"line":28,"column":45}},"12":{"start":{"line":30,"column":2},"end":{"line":33,"column":4}},"13":{"start":{"line":36,"column":28},"end":{"line":59,"column":1}},"14":{"start":{"line":37,"column":18},"end":{"line":37,"column":56}},"15":{"start":{"line":38,"column":2},"end":{"line":42,"column":3}},"16":{"start":{"line":39,"column":18},"end":{"line":39,"column":54}},"17":{"start":{"line":40,"column":4},"end":{"line":40,"column":27}},"18":{"start":{"line":41,"column":4},"end":{"line":41,"column":16}},"19":{"start":{"line":44,"column":27},"end":{"line":44,"column":75}},"20":{"start":{"line":45,"column":2},"end":{"line":49,"column":3}},"21":{"start":{"line":46,"column":18},"end":{"line":46,"column":54}},"22":{"start":{"line":47,"column":4},"end":{"line":47,"column":27}},"23":{"start":{"line":48,"column":4},"end":{"line":48,"column":16}},"24":{"start":{"line":51,"column":16},"end":{"line":51,"column":40}},"25":{"start":{"line":53,"column":49},"end":{"line":53,"column":56}},"26":{"start":{"line":55,"column":2},"end":{"line":58,"column":4}}},"fnMap":{"0":{"name":"(anonymous_0)","decl":{"start":{"line":5,"column":21},"end":{"line":5,"column":22}},"loc":{"start":{"line":5,"column":36},"end":{"line":9,"column":1}},"line":5},"1":{"name":"(anonymous_1)","decl":{"start":{"line":11,"column":31},"end":{"line":11,"column":32}},"loc":{"start":{"line":11,"column":70},"end":{"line":34,"column":1}},"line":11},"2":{"name":"(anonymous_2)","decl":{"start":{"line":36,"column":28},"end":{"line":36,"column":29}},"loc":{"start":{"line":36,"column":59},"end":{"line":59,"column":1}},"line":36}},"branchMap":{"0":{"loc":{"start":{"line":13,"column":2},"end":{"line":17,"column":3}},"type":"if","locations":[{"start":{"line":13,"column":2},"end":{"line":17,"column":3}},{"start":{},"end":{}}],"line":13},"1":{"loc":{"start":{"line":38,"column":2},"end":{"line":42,"column":3}},"type":"if","locations":[{"start":{"line":38,"column":2},"end":{"line":42,"column":3}},{"start":{},"end":{}}],"line":38},"2":{"loc":{"start":{"line":45,"column":2},"end":{"line":49,"column":3}},"type":"if","locations":[{"start":{"line":45,"column":2},"end":{"line":49,"column":3}},{"start":{},"end":{}}],"line":45}},"s":{"0":4,"1":9,"2":4,"3":9,"4":9,"5":1,"6":1,"7":1,"8":8,"9":8,"10":8,"11":8,"12":8,"13":4,"14":3,"15":3,"16":1,"17":1,"18":1,"19":2,"20":2,"21":1,"22":1,"23":1,"24":1,"25":1,"26":1},"f":{"0":9,"1":9,"2":3},"b":{"0":[1,8],"1":[1,2],"2":[1,1]},"_coverageSchema":"1a1c01bbd47fc00a2c39e90264f33305004495a9","hash":"ece8dab51cdd606e29d6e0e7dc30a39cc4f9c322"}
,"C:\\proyects\\bill-control\\backend\\src\\services\\facturaService.js": {"path":"C:\\proyects\\bill-control\\backend\\src\\services\\facturaService.js","statementMap":{"0":{"start":{"line":4,"column":36},"end":{"line":10,"column":1}},"1":{"start":{"line":5,"column":46},"end":{"line":5,"column":58}},"2":{"start":{"line":6,"column":2},"end":{"line":6,"column":54}},"3":{"start":{"line":8,"column":23},"end":{"line":8,"column":102}},"4":{"start":{"line":9,"column":2},"end":{"line":9,"column":22}},"5":{"start":{"line":12,"column":44},"end":{"line":31,"column":1}},"6":{"start":{"line":13,"column":2},"end":{"line":13,"column":54}},"7":{"start":{"line":15,"column":15},"end":{"line":15,"column":50}},"8":{"start":{"line":16,"column":16},"end":{"line":16,"column":53}},"9":{"start":{"line":19,"column":2},"end":{"line":19,"column":51}},"10":{"start":{"line":19,"column":37},"end":{"line":19,"column":51}},"11":{"start":{"line":20,"column":2},"end":{"line":20,"column":53}},"12":{"start":{"line":20,"column":38},"end":{"line":20,"column":53}},"13":{"start":{"line":22,"column":19},"end":{"line":28,"column":3}},"14":{"start":{"line":30,"column":2},"end":{"line":30,"column":72}},"15":{"start":{"line":33,"column":37},"end":{"line":42,"column":1}},"16":{"start":{"line":34,"column":18},"end":{"line":34,"column":55}},"17":{"start":{"line":35,"column":2},"end":{"line":39,"column":3}},"18":{"start":{"line":36,"column":18},"end":{"line":36,"column":65}},"19":{"start":{"line":37,"column":4},"end":{"line":37,"column":27}},"20":{"start":{"line":38,"column":4},"end":{"line":38,"column":16}},"21":{"start":{"line":40,"column":2},"end":{"line":40,"column":62}},"22":{"start":{"line":41,"column":2},"end":{"line":41,"column":17}},"23":{"start":{"line":44,"column":36},"end":{"line":49,"column":1}},"24":{"start":{"line":45,"column":2},"end":{"line":45,"column":45}},"25":{"start":{"line":46,"column":46},"end":{"line":46,"column":58}},"26":{"start":{"line":47,"column":29},"end":{"line":47,"column":100}},"27":{"start":{"line":48,"column":2},"end":{"line":48,"column":28}},"28":{"start":{"line":51,"column":36},"end":{"line":54,"column":1}},"29":{"start":{"line":52,"column":2},"end":{"line":52,"column":45}},"30":{"start":{"line":53,"column":2},"end":{"line":53,"column":39}}},"fnMap":{"0":{"name":"(anonymous_0)","decl":{"start":{"line":4,"column":36},"end":{"line":4,"column":37}},"loc":{"start":{"line":4,"column":83},"end":{"line":10,"column":1}},"line":4},"1":{"name":"(anonymous_1)","decl":{"start":{"line":12,"column":44},"end":{"line":12,"column":45}},"loc":{"start":{"line":12,"column":95},"end":{"line":31,"column":1}},"line":12},"2":{"name":"(anonymous_2)","decl":{"start":{"line":33,"column":37},"end":{"line":33,"column":38}},"loc":{"start":{"line":33,"column":62},"end":{"line":42,"column":1}},"line":33},"3":{"name":"(anonymous_3)","decl":{"start":{"line":44,"column":36},"end":{"line":44,"column":37}},"loc":{"start":{"line":44,"column":75},"end":{"line":49,"column":1}},"line":44},"4":{"name":"(anonymous_4)","decl":{"start":{"line":51,"column":36},"end":{"line":51,"column":37}},"loc":{"start":{"line":51,"column":61},"end":{"line":54,"column":1}},"line":51}},"branchMap":{"0":{"loc":{"start":{"line":12,"column":74},"end":{"line":12,"column":90}},"type":"default-arg","locations":[{"start":{"line":12,"column":88},"end":{"line":12,"column":90}}],"line":12},"1":{"loc":{"start":{"line":15,"column":15},"end":{"line":15,"column":50}},"type":"binary-expr","locations":[{"start":{"line":15,"column":15},"end":{"line":15,"column":45}},{"start":{"line":15,"column":49},"end":{"line":15,"column":50}}],"line":15},"2":{"loc":{"start":{"line":16,"column":16},"end":{"line":16,"column":53}},"type":"binary-expr","locations":[{"start":{"line":16,"column":16},"end":{"line":16,"column":47}},{"start":{"line":16,"column":51},"end":{"line":16,"column":53}}],"line":16},"3":{"loc":{"start":{"line":19,"column":2},"end":{"line":19,"column":51}},"type":"if","locations":[{"start":{"line":19,"column":2},"end":{"line":19,"column":51}},{"start":{},"end":{}}],"line":19},"4":{"loc":{"start":{"line":20,"column":2},"end":{"line":20,"column":53}},"type":"if","locations":[{"start":{"line":20,"column":2},"end":{"line":20,"column":53}},{"start":{},"end":{}}],"line":20},"5":{"loc":{"start":{"line":23,"column":10},"end":{"line":23,"column":29}},"type":"cond-expr","locations":[{"start":{"line":23,"column":21},"end":{"line":23,"column":25}},{"start":{"line":23,"column":28},"end":{"line":23,"column":29}}],"line":23},"6":{"loc":{"start":{"line":24,"column":11},"end":{"line":24,"column":49}},"type":"cond-expr","locations":[{"start":{"line":24,"column":39},"end":{"line":24,"column":44}},{"start":{"line":24,"column":47},"end":{"line":24,"column":49}}],"line":24},"7":{"loc":{"start":{"line":24,"column":11},"end":{"line":24,"column":36}},"type":"binary-expr","locations":[{"start":{"line":24,"column":11},"end":{"line":24,"column":20}},{"start":{"line":24,"column":24},"end":{"line":24,"column":36}}],"line":24},"8":{"loc":{"start":{"line":26,"column":16},"end":{"line":26,"column":46}},"type":"binary-expr","locations":[{"start":{"line":26,"column":16},"end":{"line":26,"column":38}},{"start":{"line":26,"column":42},"end":{"line":26,"column":46}}],"line":26},"9":{"loc":{"start":{"line":27,"column":16},"end":{"line":27,"column":46}},"type":"binary-expr","locations":[{"start":{"line":27,"column":16},"end":{"line":27,"column":38}},{"start":{"line":27,"column":42},"end":{"line":27,"column":46}}],"line":27},"10":{"loc":{"start":{"line":35,"column":2},"end":{"line":39,"column":3}},"type":"if","locations":[{"start":{"line":35,"column":2},"end":{"line":39,"column":3}},{"start":{},"end":{}}],"line":35}},"s":{"0":4,"1":19,"2":19,"3":18,"4":18,"5":4,"6":3,"7":3,"8":3,"9":3,"10":1,"11":3,"12":0,"13":3,"14":3,"15":4,"16":5,"17":5,"18":2,"19":2,"20":2,"21":3,"22":3,"23":4,"24":2,"25":1,"26":1,"27":1,"28":4,"29":1,"30":1},"f":{"0":19,"1":3,"2":5,"3":2,"4":1},"b":{"0":[0],"1":[3,2],"2":[3,2],"3":[1,2],"4":[0,3],"5":[3,0],"6":[3,0],"7":[3,3],"8":[3,2],"9":[3,2],"10":[2,3]},"_coverageSchema":"1a1c01bbd47fc00a2c39e90264f33305004495a9","hash":"71205c65c770797e6e3d6c729ac722baef99f74f"}
,"C:\\proyects\\bill-control\\backend\\src\\services\\servicioService.js": {"path":"C:\\proyects\\bill-control\\backend\\src\\services\\servicioService.js","statementMap":{"0":{"start":{"line":3,"column":37},"end":{"line":9,"column":1}},"1":{"start":{"line":4,"column":41},"end":{"line":4,"column":54}},"2":{"start":{"line":5,"column":2},"end":{"line":5,"column":52}},"3":{"start":{"line":7,"column":24},"end":{"line":7,"column":99}},"4":{"start":{"line":8,"column":2},"end":{"line":8,"column":23}},"5":{"start":{"line":11,"column":41},"end":{"line":21,"column":1}},"6":{"start":{"line":12,"column":15},"end":{"line":12,"column":50}},"7":{"start":{"line":13,"column":16},"end":{"line":13,"column":53}},"8":{"start":{"line":15,"column":19},"end":{"line":18,"column":3}},"9":{"start":{"line":20,"column":2},"end":{"line":20,"column":69}},"10":{"start":{"line":23,"column":38},"end":{"line":31,"column":1}},"11":{"start":{"line":24,"column":19},"end":{"line":24,"column":69}},"12":{"start":{"line":25,"column":2},"end":{"line":29,"column":3}},"13":{"start":{"line":26,"column":18},"end":{"line":26,"column":66}},"14":{"start":{"line":27,"column":4},"end":{"line":27,"column":27}},"15":{"start":{"line":28,"column":4},"end":{"line":28,"column":16}},"16":{"start":{"line":30,"column":2},"end":{"line":30,"column":18}},"17":{"start":{"line":33,"column":37},"end":{"line":39,"column":1}},"18":{"start":{"line":34,"column":2},"end":{"line":34,"column":46}},"19":{"start":{"line":35,"column":41},"end":{"line":35,"column":54}},"20":{"start":{"line":36,"column":2},"end":{"line":36,"column":56}},"21":{"start":{"line":37,"column":30},"end":{"line":37,"column":109}},"22":{"start":{"line":38,"column":2},"end":{"line":38,"column":29}},"23":{"start":{"line":41,"column":37},"end":{"line":44,"column":1}},"24":{"start":{"line":42,"column":2},"end":{"line":42,"column":46}},"25":{"start":{"line":43,"column":2},"end":{"line":43,"column":52}},"26":{"start":{"line":46,"column":33},"end":{"line":54,"column":1}},"27":{"start":{"line":47,"column":28},"end":{"line":47,"column":86}},"28":{"start":{"line":49,"column":2},"end":{"line":53,"column":3}},"29":{"start":{"line":50,"column":18},"end":{"line":50,"column":68}},"30":{"start":{"line":51,"column":4},"end":{"line":51,"column":27}},"31":{"start":{"line":52,"column":4},"end":{"line":52,"column":16}}},"fnMap":{"0":{"name":"(anonymous_0)","decl":{"start":{"line":3,"column":37},"end":{"line":3,"column":38}},"loc":{"start":{"line":3,"column":73},"end":{"line":9,"column":1}},"line":3},"1":{"name":"(anonymous_1)","decl":{"start":{"line":11,"column":41},"end":{"line":11,"column":42}},"loc":{"start":{"line":11,"column":80},"end":{"line":21,"column":1}},"line":11},"2":{"name":"(anonymous_2)","decl":{"start":{"line":23,"column":38},"end":{"line":23,"column":39}},"loc":{"start":{"line":23,"column":63},"end":{"line":31,"column":1}},"line":23},"3":{"name":"(anonymous_3)","decl":{"start":{"line":33,"column":37},"end":{"line":33,"column":38}},"loc":{"start":{"line":33,"column":77},"end":{"line":39,"column":1}},"line":33},"4":{"name":"(anonymous_4)","decl":{"start":{"line":41,"column":37},"end":{"line":41,"column":38}},"loc":{"start":{"line":41,"column":62},"end":{"line":44,"column":1}},"line":41},"5":{"name":"(anonymous_5)","decl":{"start":{"line":46,"column":33},"end":{"line":46,"column":34}},"loc":{"start":{"line":46,"column":89},"end":{"line":54,"column":1}},"line":46}},"branchMap":{"0":{"loc":{"start":{"line":11,"column":59},"end":{"line":11,"column":75}},"type":"default-arg","locations":[{"start":{"line":11,"column":73},"end":{"line":11,"column":75}}],"line":11},"1":{"loc":{"start":{"line":12,"column":15},"end":{"line":12,"column":50}},"type":"binary-expr","locations":[{"start":{"line":12,"column":15},"end":{"line":12,"column":45}},{"start":{"line":12,"column":49},"end":{"line":12,"column":50}}],"line":12},"2":{"loc":{"start":{"line":13,"column":16},"end":{"line":13,"column":53}},"type":"binary-expr","locations":[{"start":{"line":13,"column":16},"end":{"line":13,"column":47}},{"start":{"line":13,"column":51},"end":{"line":13,"column":53}}],"line":13},"3":{"loc":{"start":{"line":16,"column":10},"end":{"line":16,"column":29}},"type":"cond-expr","locations":[{"start":{"line":16,"column":21},"end":{"line":16,"column":25}},{"start":{"line":16,"column":28},"end":{"line":16,"column":29}}],"line":16},"4":{"loc":{"start":{"line":17,"column":11},"end":{"line":17,"column":49}},"type":"cond-expr","locations":[{"start":{"line":17,"column":39},"end":{"line":17,"column":44}},{"start":{"line":17,"column":47},"end":{"line":17,"column":49}}],"line":17},"5":{"loc":{"start":{"line":17,"column":11},"end":{"line":17,"column":36}},"type":"binary-expr","locations":[{"start":{"line":17,"column":11},"end":{"line":17,"column":20}},{"start":{"line":17,"column":24},"end":{"line":17,"column":36}}],"line":17},"6":{"loc":{"start":{"line":25,"column":2},"end":{"line":29,"column":3}},"type":"if","locations":[{"start":{"line":25,"column":2},"end":{"line":29,"column":3}},{"start":{},"end":{}}],"line":25},"7":{"loc":{"start":{"line":46,"column":59},"end":{"line":46,"column":84}},"type":"default-arg","locations":[{"start":{"line":46,"column":80},"end":{"line":46,"column":84}}],"line":46},"8":{"loc":{"start":{"line":49,"column":2},"end":{"line":53,"column":3}},"type":"if","locations":[{"start":{"line":49,"column":2},"end":{"line":53,"column":3}},{"start":{},"end":{}}],"line":49},"9":{"loc":{"start":{"line":49,"column":6},"end":{"line":49,"column":84}},"type":"binary-expr","locations":[{"start":{"line":49,"column":6},"end":{"line":49,"column":23}},{"start":{"line":49,"column":27},"end":{"line":49,"column":84}}],"line":49}},"s":{"0":4,"1":23,"2":23,"3":22,"4":22,"5":4,"6":1,"7":1,"8":1,"9":1,"10":4,"11":29,"12":29,"13":3,"14":3,"15":3,"16":26,"17":4,"18":1,"19":1,"20":1,"21":1,"22":1,"23":4,"24":2,"25":1,"26":4,"27":24,"28":24,"29":1,"30":1,"31":1},"f":{"0":23,"1":1,"2":29,"3":1,"4":2,"5":24},"b":{"0":[0],"1":[1,0],"2":[1,0],"3":[1,0],"4":[1,0],"5":[1,1],"6":[3,26],"7":[23],"8":[1,23],"9":[24,1]},"_coverageSchema":"1a1c01bbd47fc00a2c39e90264f33305004495a9","hash":"7539d79783ea78f27d9e5826b5fc1180878d0510"}
,"C:\\proyects\\bill-control\\backend\\src\\services\\usuarioService.js": {"path":"C:\\proyects\\bill-control\\backend\\src\\services\\usuarioService.js","statementMap":{"0":{"start":{"line":4,"column":33},"end":{"line":12,"column":1}},"1":{"start":{"line":5,"column":18},"end":{"line":5,"column":53}},"2":{"start":{"line":6,"column":2},"end":{"line":10,"column":3}},"3":{"start":{"line":7,"column":18},"end":{"line":7,"column":65}},"4":{"start":{"line":8,"column":4},"end":{"line":8,"column":27}},"5":{"start":{"line":9,"column":4},"end":{"line":9,"column":16}},"6":{"start":{"line":11,"column":2},"end":{"line":11,"column":17}},"7":{"start":{"line":14,"column":36},"end":{"line":21,"column":1}},"8":{"start":{"line":15,"column":2},"end":{"line":15,"column":30}},"9":{"start":{"line":16,"column":29},"end":{"line":19,"column":3}},"10":{"start":{"line":20,"column":2},"end":{"line":20,"column":28}},"11":{"start":{"line":23,"column":36},"end":{"line":26,"column":1}},"12":{"start":{"line":24,"column":2},"end":{"line":24,"column":30}},"13":{"start":{"line":25,"column":2},"end":{"line":25,"column":36}},"14":{"start":{"line":28,"column":37},"end":{"line":47,"column":1}},"15":{"start":{"line":29,"column":18},"end":{"line":29,"column":65}},"16":{"start":{"line":30,"column":2},"end":{"line":34,"column":3}},"17":{"start":{"line":31,"column":18},"end":{"line":31,"column":53}},"18":{"start":{"line":32,"column":4},"end":{"line":32,"column":27}},"19":{"start":{"line":33,"column":4},"end":{"line":33,"column":16}},"20":{"start":{"line":36,"column":19},"end":{"line":36,"column":73}},"21":{"start":{"line":37,"column":2},"end":{"line":41,"column":3}},"22":{"start":{"line":38,"column":18},"end":{"line":38,"column":61}},"23":{"start":{"line":39,"column":4},"end":{"line":39,"column":27}},"24":{"start":{"line":40,"column":4},"end":{"line":40,"column":16}},"25":{"start":{"line":43,"column":15},"end":{"line":43,"column":39}},"26":{"start":{"line":44,"column":20},"end":{"line":44,"column":58}},"27":{"start":{"line":46,"column":2},"end":{"line":46,"column":51}}},"fnMap":{"0":{"name":"(anonymous_0)","decl":{"start":{"line":4,"column":33},"end":{"line":4,"column":34}},"loc":{"start":{"line":4,"column":47},"end":{"line":12,"column":1}},"line":4},"1":{"name":"(anonymous_1)","decl":{"start":{"line":14,"column":36},"end":{"line":14,"column":37}},"loc":{"start":{"line":14,"column":58},"end":{"line":21,"column":1}},"line":14},"2":{"name":"(anonymous_2)","decl":{"start":{"line":23,"column":36},"end":{"line":23,"column":37}},"loc":{"start":{"line":23,"column":50},"end":{"line":26,"column":1}},"line":23},"3":{"name":"(anonymous_3)","decl":{"start":{"line":28,"column":37},"end":{"line":28,"column":38}},"loc":{"start":{"line":28,"column":86},"end":{"line":47,"column":1}},"line":28}},"branchMap":{"0":{"loc":{"start":{"line":6,"column":2},"end":{"line":10,"column":3}},"type":"if","locations":[{"start":{"line":6,"column":2},"end":{"line":10,"column":3}},{"start":{},"end":{}}],"line":6},"1":{"loc":{"start":{"line":30,"column":2},"end":{"line":34,"column":3}},"type":"if","locations":[{"start":{"line":30,"column":2},"end":{"line":34,"column":3}},{"start":{},"end":{}}],"line":30},"2":{"loc":{"start":{"line":37,"column":2},"end":{"line":41,"column":3}},"type":"if","locations":[{"start":{"line":37,"column":2},"end":{"line":41,"column":3}},{"start":{},"end":{}}],"line":37}},"s":{"0":4,"1":3,"2":3,"3":0,"4":0,"5":0,"6":3,"7":4,"8":1,"9":1,"10":1,"11":4,"12":1,"13":1,"14":4,"15":2,"16":2,"17":0,"18":0,"19":0,"20":2,"21":2,"22":1,"23":1,"24":1,"25":1,"26":1,"27":1},"f":{"0":3,"1":1,"2":1,"3":2},"b":{"0":[0,3],"1":[0,2],"2":[1,1]},"_coverageSchema":"1a1c01bbd47fc00a2c39e90264f33305004495a9","hash":"77645fc46153dc9075e15f61d230077a2cf34d9c"}
,"C:\\proyects\\bill-control\\backend\\src\\tests\\helpers.js": {"path":"C:\\proyects\\bill-control\\backend\\src\\tests\\helpers.js","statementMap":{"0":{"start":{"line":4,"column":33},"end":{"line":4,"column":71}},"1":{"start":{"line":5,"column":33},"end":{"line":5,"column":71}},"2":{"start":{"line":7,"column":32},"end":{"line":13,"column":1}},"3":{"start":{"line":8,"column":2},"end":{"line":12,"column":4}},"4":{"start":{"line":15,"column":29},"end":{"line":19,"column":1}},"5":{"start":{"line":21,"column":34},"end":{"line":30,"column":1}},"6":{"start":{"line":22,"column":2},"end":{"line":22,"column":87}},"7":{"start":{"line":23,"column":2},"end":{"line":29,"column":4}}},"fnMap":{"0":{"name":"(anonymous_0)","decl":{"start":{"line":7,"column":32},"end":{"line":7,"column":33}},"loc":{"start":{"line":7,"column":67},"end":{"line":13,"column":1}},"line":7},"1":{"name":"(anonymous_1)","decl":{"start":{"line":21,"column":34},"end":{"line":21,"column":35}},"loc":{"start":{"line":21,"column":46},"end":{"line":30,"column":1}},"line":21}},"branchMap":{"0":{"loc":{"start":{"line":7,"column":33},"end":{"line":7,"column":62}},"type":"default-arg","locations":[{"start":{"line":7,"column":45},"end":{"line":7,"column":62}}],"line":7},"1":{"loc":{"start":{"line":10,"column":4},"end":{"line":10,"column":44}},"type":"binary-expr","locations":[{"start":{"line":10,"column":4},"end":{"line":10,"column":26}},{"start":{"line":10,"column":30},"end":{"line":10,"column":44}}],"line":10},"2":{"loc":{"start":{"line":17,"column":2},"end":{"line":17,"column":42}},"type":"binary-expr","locations":[{"start":{"line":17,"column":2},"end":{"line":17,"column":24}},{"start":{"line":17,"column":28},"end":{"line":17,"column":42}}],"line":17}},"s":{"0":4,"1":4,"2":4,"3":14,"4":4,"5":4,"6":40,"7":40},"f":{"0":14,"1":40},"b":{"0":[0],"1":[14,0],"2":[4,0]},"_coverageSchema":"1a1c01bbd47fc00a2c39e90264f33305004495a9","hash":"961e00cde3e9ec7546ca534cde565841e3ad82fe"}
}
