TN:
SF:src\app.js
FN:14,(anonymous_0)
FN:23,(anonymous_1)
FNF:2
FNH:1
FNDA:0,(anonymous_0)
FNDA:2,(anonymous_1)
DA:9,4
DA:11,4
DA:12,4
DA:14,4
DA:15,0
DA:18,4
DA:19,4
DA:20,4
DA:21,4
DA:23,4
DA:24,2
DA:30,4
LF:12
LH:11
BRDA:11,0,0,4
BRDA:11,0,1,4
BRF:2
BRH:2
end_of_record
TN:
SF:src\config\db.js
FN:17,(anonymous_0)
FNF:1
FNH:1
FNDA:282,(anonymous_0)
DA:4,4
DA:6,4
DA:9,4
DA:17,282
LF:4
LH:4
BRF:0
BRH:0
end_of_record
TN:
SF:src\controllers\authController.js
FN:3,(anonymous_0)
FN:16,(anonymous_1)
FNF:2
FNH:2
FNDA:9,(anonymous_0)
FNDA:3,(anonymous_1)
DA:3,4
DA:4,9
DA:5,9
DA:6,8
DA:12,1
DA:16,4
DA:17,3
DA:18,3
DA:19,1
DA:25,2
LF:10
LH:10
BRF:0
BRH:0
end_of_record
TN:
SF:src\controllers\facturaController.js
FN:3,(anonymous_0)
FN:18,(anonymous_1)
FN:36,(anonymous_2)
FN:50,(anonymous_3)
FN:66,(anonymous_4)
FNF:5
FNH:5
FNDA:19,(anonymous_0)
FNDA:3,(anonymous_1)
FNDA:2,(anonymous_2)
FNDA:2,(anonymous_3)
FNDA:1,(anonymous_4)
DA:3,4
DA:4,19
DA:5,19
DA:6,19
DA:7,19
DA:8,18
DA:14,1
DA:18,4
DA:19,3
DA:20,3
DA:21,3
DA:23,3
DA:26,3
DA:32,0
DA:36,4
DA:37,2
DA:38,2
DA:39,2
DA:40,2
DA:41,1
DA:46,1
DA:50,4
DA:51,2
DA:52,2
DA:53,2
DA:54,2
DA:55,2
DA:56,1
DA:62,1
DA:66,4
DA:67,1
DA:68,1
DA:69,1
DA:70,1
DA:71,1
DA:77,0
LF:36
LH:34
BRDA:21,0,0,3
BRDA:21,0,1,3
BRF:2
BRH:2
end_of_record
TN:
SF:src\controllers\servicioController.js
FN:3,(anonymous_0)
FN:17,(anonymous_1)
FN:30,(anonymous_2)
FN:44,(anonymous_3)
FN:60,(anonymous_4)
FNF:5
FNH:5
FNDA:23,(anonymous_0)
FNDA:1,(anonymous_1)
FNDA:1,(anonymous_2)
FNDA:1,(anonymous_3)
FNDA:2,(anonymous_4)
DA:3,4
DA:4,23
DA:5,23
DA:6,23
DA:7,22
DA:13,1
DA:17,4
DA:18,1
DA:19,1
DA:20,1
DA:21,1
DA:26,0
DA:30,4
DA:31,1
DA:32,1
DA:33,1
DA:34,1
DA:35,0
DA:40,1
DA:44,4
DA:45,1
DA:46,1
DA:47,1
DA:48,1
DA:49,1
DA:50,1
DA:56,0
DA:60,4
DA:61,2
DA:62,2
DA:63,2
DA:64,2
DA:65,1
DA:71,1
LF:34
LH:31
BRF:0
BRH:0
end_of_record
TN:
SF:src\controllers\usuarioController.js
FN:3,(anonymous_0)
FN:18,(anonymous_1)
FN:36,(anonymous_2)
FN:54,(anonymous_3)
FNF:4
FNH:4
FNDA:1,(anonymous_0)
FNDA:1,(anonymous_1)
FNDA:2,(anonymous_2)
FNDA:1,(anonymous_3)
DA:3,4
DA:4,1
DA:5,1
DA:6,1
DA:8,1
DA:14,0
DA:18,4
DA:19,1
DA:20,1
DA:21,1
DA:26,1
DA:32,0
DA:36,4
DA:37,2
DA:38,2
DA:39,2
DA:44,1
DA:50,1
DA:54,4
DA:55,1
DA:56,1
DA:57,1
DA:59,1
DA:65,0
LF:24
LH:21
BRF:0
BRH:0
end_of_record
TN:
SF:src\middlewares\authMiddleware.js
FN:5,(anonymous_0)
FNF:1
FNH:1
FNDA:67,(anonymous_0)
DA:5,4
DA:8,67
DA:9,64
DA:12,67
DA:13,3
DA:14,3
DA:15,3
DA:18,64
DA:19,64
DA:21,64
DA:26,64
DA:28,64
DA:29,1
DA:30,1
DA:31,1
DA:34,63
DA:35,63
DA:37,0
DA:38,0
DA:39,0
LF:20
LH:17
BRDA:8,0,0,64
BRDA:8,0,1,3
BRDA:8,1,0,67
BRDA:8,1,1,64
BRDA:12,2,0,3
BRDA:12,2,1,64
BRDA:28,3,0,1
BRDA:28,3,1,63
BRF:8
BRH:8
end_of_record
TN:
SF:src\middlewares\errorHandler.js
FN:1,(anonymous_0)
FN:21,(anonymous_1)
FNF:2
FNH:2
FNDA:18,(anonymous_0)
FNDA:5,(anonymous_1)
DA:1,4
DA:2,18
DA:3,0
DA:18,18
DA:19,4
DA:21,4
DA:22,5
DA:23,5
DA:24,5
DA:25,5
DA:28,4
DA:36,14
DA:37,14
LF:13
LH:12
BRDA:2,0,0,0
BRDA:2,0,1,18
BRDA:18,1,0,4
BRDA:18,1,1,14
BRDA:18,2,0,18
BRDA:18,2,1,14
BRDA:19,3,0,4
BRDA:19,3,1,0
BRDA:19,3,2,0
BRDA:22,4,0,5
BRDA:22,4,1,0
BRDA:23,5,0,5
BRDA:23,5,1,0
BRDA:36,6,0,14
BRDA:36,6,1,0
BRDA:39,7,0,14
BRDA:39,7,1,0
BRF:17
BRH:10
end_of_record
TN:
SF:src\middlewares\validateRequest.js
FN:1,(anonymous_0)
FN:1,(anonymous_1)
FN:13,(anonymous_2)
FNF:3
FNH:3
FNDA:32,(anonymous_0)
FNDA:65,(anonymous_1)
FNDA:5,(anonymous_2)
DA:1,32
DA:2,65
DA:3,65
DA:9,61
DA:10,61
DA:12,61
DA:13,5
DA:14,3
DA:17,61
DA:19,4
LF:10
LH:10
BRDA:12,0,0,3
BRDA:12,0,1,58
BRF:2
BRH:2
end_of_record
TN:
SF:src\models\authModel.js
FN:4,(anonymous_0)
FN:13,(anonymous_1)
FNF:2
FNH:2
FNDA:12,(anonymous_0)
FNDA:8,(anonymous_1)
DA:4,4
DA:5,12
DA:9,12
DA:13,4
DA:14,8
DA:20,8
LF:6
LH:6
BRF:0
BRH:0
end_of_record
TN:
SF:src\models\facturaModel.js
FN:3,(anonymous_0)
FN:15,(anonymous_1)
FN:64,(anonymous_2)
FN:71,(anonymous_3)
FN:83,(anonymous_4)
FNF:5
FNH:5
FNDA:18,(anonymous_0)
FNDA:3,(anonymous_1)
FNDA:5,(anonymous_2)
FNDA:1,(anonymous_3)
FNDA:1,(anonymous_4)
DA:3,4
DA:4,18
DA:6,18
DA:12,18
DA:15,4
DA:16,3
DA:18,3
DA:19,3
DA:20,3
DA:22,3
DA:23,1
DA:24,1
DA:27,3
DA:28,1
DA:29,1
DA:32,3
DA:33,1
DA:34,1
DA:37,3
DA:39,3
DA:47,3
DA:53,3
DA:54,3
DA:56,3
DA:58,3
DA:64,4
DA:65,5
DA:68,5
DA:71,4
DA:72,1
DA:74,1
DA:80,1
DA:83,4
DA:84,1
DA:85,1
LF:35
LH:35
BRDA:10,0,0,18
BRDA:10,0,1,0
BRDA:15,1,0,0
BRDA:16,2,0,0
BRDA:16,3,0,0
BRDA:22,4,0,1
BRDA:22,4,1,2
BRDA:27,5,0,1
BRDA:27,5,1,2
BRDA:32,6,0,1
BRDA:32,6,1,2
BRDA:78,7,0,1
BRDA:78,7,1,0
BRF:13
BRH:8
end_of_record
TN:
SF:src\models\servicioModel.js
FN:3,(anonymous_0)
FN:16,(anonymous_1)
FN:46,(anonymous_2)
FN:56,(anonymous_3)
FN:66,(anonymous_4)
FN:78,(anonymous_5)
FNF:6
FNH:6
FNDA:22,(anonymous_0)
FNDA:1,(anonymous_1)
FNDA:29,(anonymous_2)
FNDA:24,(anonymous_3)
FNDA:1,(anonymous_4)
FNDA:1,(anonymous_5)
DA:3,4
DA:4,22
DA:6,22
DA:13,22
DA:16,4
DA:17,1
DA:19,1
DA:21,1
DA:29,1
DA:35,1
DA:36,1
DA:38,1
DA:40,1
DA:46,4
DA:47,29
DA:53,29
DA:56,4
DA:57,24
DA:63,24
DA:66,4
DA:67,1
DA:69,1
DA:75,1
DA:78,4
DA:79,1
DA:83,1
LF:26
LH:26
BRDA:10,0,0,22
BRDA:10,0,1,17
BRDA:10,1,0,22
BRDA:10,1,1,0
BRDA:16,2,0,0
BRDA:17,3,0,0
BRDA:17,4,0,0
BRDA:73,5,0,1
BRDA:73,5,1,1
BRDA:73,6,0,1
BRDA:73,6,1,0
BRF:11
BRH:6
end_of_record
TN:
SF:src\models\usuarioModel.js
FN:3,(anonymous_0)
FN:10,(anonymous_1)
FN:17,(anonymous_2)
FN:28,(anonymous_3)
FN:35,(anonymous_4)
FNF:5
FNH:5
FNDA:3,(anonymous_0)
FNDA:2,(anonymous_1)
FNDA:1,(anonymous_2)
FNDA:1,(anonymous_3)
FNDA:1,(anonymous_4)
DA:3,4
DA:4,3
DA:7,3
DA:10,4
DA:11,2
DA:14,2
DA:17,4
DA:18,1
DA:25,1
DA:28,4
DA:29,1
DA:32,1
DA:35,4
DA:36,1
DA:39,1
LF:15
LH:15
BRF:0
BRH:0
end_of_record
TN:
SF:src\routes\authRoutes.js
FNF:0
FNH:0
DA:6,4
DA:8,4
DA:9,4
LF:3
LH:3
BRF:0
BRH:0
end_of_record
TN:
SF:src\routes\facturaRoutes.js
FNF:0
FNH:0
DA:7,4
DA:9,4
DA:11,4
DA:12,4
DA:13,4
DA:14,4
LF:6
LH:6
BRF:0
BRH:0
end_of_record
TN:
SF:src\routes\servicioRoutes.js
FNF:0
FNH:0
DA:9,4
DA:11,4
DA:13,4
DA:14,4
DA:15,4
DA:16,4
DA:17,4
DA:18,4
LF:8
LH:8
BRF:0
BRH:0
end_of_record
TN:
SF:src\routes\usuarioRoutes.js
FNF:0
FNH:0
DA:7,4
DA:9,4
DA:11,4
DA:12,4
DA:13,4
DA:14,4
LF:6
LH:6
BRF:0
BRH:0
end_of_record
TN:
SF:src\schemas\authSchema.js
FNF:0
FNH:0
DA:3,4
DA:11,4
LF:2
LH:2
BRF:0
BRH:0
end_of_record
TN:
SF:src\schemas\facturaSchema.js
FN:16,(anonymous_0)
FN:21,(anonymous_1)
FN:22,(anonymous_2)
FNF:3
FNH:2
FNDA:0,(anonymous_0)
FNDA:3,(anonymous_1)
FNDA:3,(anonymous_2)
DA:3,4
DA:14,4
DA:16,0
DA:21,3
DA:22,3
LF:5
LH:4
BRDA:21,0,0,1
BRDA:21,0,1,2
BRDA:22,1,0,1
BRDA:22,1,1,2
BRF:4
BRH:4
end_of_record
TN:
SF:src\schemas\servicioSchema.js
FN:13,(anonymous_0)
FNF:1
FNH:1
FNDA:2,(anonymous_0)
DA:3,4
DA:11,4
DA:13,2
LF:3
LH:3
BRF:0
BRH:0
end_of_record
TN:
SF:src\schemas\usuarioSchema.js
FNF:0
FNH:0
DA:3,4
DA:9,4
LF:2
LH:2
BRF:0
BRH:0
end_of_record
TN:
SF:src\services\authService.js
FN:5,(anonymous_0)
FN:11,(anonymous_1)
FN:36,(anonymous_2)
FNF:3
FNH:3
FNDA:9,(anonymous_0)
FNDA:9,(anonymous_1)
FNDA:3,(anonymous_2)
DA:5,4
DA:6,9
DA:11,4
DA:12,9
DA:13,9
DA:14,1
DA:15,1
DA:16,1
DA:19,8
DA:20,8
DA:22,8
DA:28,8
DA:30,8
DA:36,4
DA:37,3
DA:38,3
DA:39,1
DA:40,1
DA:41,1
DA:44,2
DA:45,2
DA:46,1
DA:47,1
DA:48,1
DA:51,1
DA:53,1
DA:55,1
LF:27
LH:27
BRDA:13,0,0,1
BRDA:13,0,1,8
BRDA:38,1,0,1
BRDA:38,1,1,2
BRDA:45,2,0,1
BRDA:45,2,1,1
BRF:6
BRH:6
end_of_record
TN:
SF:src\services\facturaService.js
FN:4,(anonymous_0)
FN:12,(anonymous_1)
FN:33,(anonymous_2)
FN:44,(anonymous_3)
FN:51,(anonymous_4)
FNF:5
FNH:5
FNDA:19,(anonymous_0)
FNDA:3,(anonymous_1)
FNDA:5,(anonymous_2)
FNDA:2,(anonymous_3)
FNDA:1,(anonymous_4)
DA:4,4
DA:5,19
DA:6,19
DA:8,18
DA:9,18
DA:12,4
DA:13,3
DA:15,3
DA:16,3
DA:19,3
DA:20,3
DA:22,3
DA:30,3
DA:33,4
DA:34,5
DA:35,5
DA:36,2
DA:37,2
DA:38,2
DA:40,3
DA:41,3
DA:44,4
DA:45,2
DA:46,1
DA:47,1
DA:48,1
DA:51,4
DA:52,1
DA:53,1
LF:29
LH:29
BRDA:12,0,0,0
BRDA:15,1,0,3
BRDA:15,1,1,2
BRDA:16,2,0,3
BRDA:16,2,1,2
BRDA:19,3,0,1
BRDA:19,3,1,2
BRDA:20,4,0,0
BRDA:20,4,1,3
BRDA:23,5,0,3
BRDA:23,5,1,0
BRDA:24,6,0,3
BRDA:24,6,1,0
BRDA:24,7,0,3
BRDA:24,7,1,3
BRDA:26,8,0,3
BRDA:26,8,1,2
BRDA:27,9,0,3
BRDA:27,9,1,2
BRDA:35,10,0,2
BRDA:35,10,1,3
BRF:21
BRH:17
end_of_record
TN:
SF:src\services\servicioService.js
FN:3,(anonymous_0)
FN:11,(anonymous_1)
FN:23,(anonymous_2)
FN:33,(anonymous_3)
FN:41,(anonymous_4)
FN:46,(anonymous_5)
FNF:6
FNH:6
FNDA:23,(anonymous_0)
FNDA:1,(anonymous_1)
FNDA:29,(anonymous_2)
FNDA:1,(anonymous_3)
FNDA:2,(anonymous_4)
FNDA:24,(anonymous_5)
DA:3,4
DA:4,23
DA:5,23
DA:7,22
DA:8,22
DA:11,4
DA:12,1
DA:13,1
DA:15,1
DA:20,1
DA:23,4
DA:24,29
DA:25,29
DA:26,3
DA:27,3
DA:28,3
DA:30,26
DA:33,4
DA:34,1
DA:35,1
DA:36,1
DA:37,1
DA:38,1
DA:41,4
DA:42,2
DA:43,1
DA:46,4
DA:47,24
DA:49,24
DA:50,1
DA:51,1
DA:52,1
LF:32
LH:32
BRDA:11,0,0,0
BRDA:12,1,0,1
BRDA:12,1,1,0
BRDA:13,2,0,1
BRDA:13,2,1,0
BRDA:16,3,0,1
BRDA:16,3,1,0
BRDA:17,4,0,1
BRDA:17,4,1,0
BRDA:17,5,0,1
BRDA:17,5,1,1
BRDA:25,6,0,3
BRDA:25,6,1,26
BRDA:46,7,0,23
BRDA:49,8,0,1
BRDA:49,8,1,23
BRDA:49,9,0,24
BRDA:49,9,1,1
BRF:18
BRH:13
end_of_record
TN:
SF:src\services\usuarioService.js
FN:4,(anonymous_0)
FN:14,(anonymous_1)
FN:23,(anonymous_2)
FN:28,(anonymous_3)
FNF:4
FNH:4
FNDA:3,(anonymous_0)
FNDA:1,(anonymous_1)
FNDA:1,(anonymous_2)
FNDA:2,(anonymous_3)
DA:4,4
DA:5,3
DA:6,3
DA:7,0
DA:8,0
DA:9,0
DA:11,3
DA:14,4
DA:15,1
DA:16,1
DA:20,1
DA:23,4
DA:24,1
DA:25,1
DA:28,4
DA:29,2
DA:30,2
DA:31,0
DA:32,0
DA:33,0
DA:36,2
DA:37,2
DA:38,1
DA:39,1
DA:40,1
DA:43,1
DA:44,1
DA:46,1
LF:28
LH:22
BRDA:6,0,0,0
BRDA:6,0,1,3
BRDA:30,1,0,0
BRDA:30,1,1,2
BRDA:37,2,0,1
BRDA:37,2,1,1
BRF:6
BRH:4
end_of_record
TN:
SF:src\tests\helpers.js
FN:7,(anonymous_0)
FN:21,(anonymous_1)
FNF:2
FNH:2
FNDA:14,(anonymous_0)
FNDA:40,(anonymous_1)
DA:4,4
DA:5,4
DA:7,4
DA:8,14
DA:15,4
DA:21,4
DA:22,40
DA:23,40
LF:8
LH:8
BRDA:7,0,0,0
BRDA:10,1,0,14
BRDA:10,1,1,0
BRDA:17,2,0,4
BRDA:17,2,1,0
BRF:5
BRH:2
end_of_record
